running egg_info
writing ../../build/yellow_sphere/yellow_sphere.egg-info/PKG-INFO
writing dependency_links to ../../build/yellow_sphere/yellow_sphere.egg-info/dependency_links.txt
writing entry points to ../../build/yellow_sphere/yellow_sphere.egg-info/entry_points.txt
writing requirements to ../../build/yellow_sphere/yellow_sphere.egg-info/requires.txt
writing top-level names to ../../build/yellow_sphere/yellow_sphere.egg-info/top_level.txt
reading manifest file '../../build/yellow_sphere/yellow_sphere.egg-info/SOURCES.txt'
writing manifest file '../../build/yellow_sphere/yellow_sphere.egg-info/SOURCES.txt'
running build
running build_py
copying yellow_sphere/follow_sphere.py -> /home/anthony/Desktop/Assignment12/build/yellow_sphere/build/lib/yellow_sphere
running install
running install_lib
copying /home/anthony/Desktop/Assignment12/build/yellow_sphere/build/lib/yellow_sphere/follow_sphere.py -> /home/anthony/Desktop/Assignment12/install/yellow_sphere/lib/python3.10/site-packages/yellow_sphere
byte-compiling /home/anthony/Desktop/Assignment12/install/yellow_sphere/lib/python3.10/site-packages/yellow_sphere/follow_sphere.py to follow_sphere.cpython-310.pyc
running install_data
running install_egg_info
removing '/home/anthony/Desktop/Assignment12/install/yellow_sphere/lib/python3.10/site-packages/yellow_sphere-0.0.0-py3.10.egg-info' (and everything under it)
Copying ../../build/yellow_sphere/yellow_sphere.egg-info to /home/anthony/Desktop/Assignment12/install/yellow_sphere/lib/python3.10/site-packages/yellow_sphere-0.0.0-py3.10.egg-info
running install_scripts
Installing follow_sphere script to /home/anthony/Desktop/Assignment12/install/yellow_sphere/lib/yellow_sphere
writing list of installed files to '/home/anthony/Desktop/Assignment12/build/yellow_sphere/install.log'
