[0.446s] DEBUG:colcon:Command line arguments: ['/usr/bin/colcon', 'build']
[0.447s] DEBUG:colcon:Parsed command line arguments: Namespace(log_base=None, log_level=None, verb_name='build', build_base='build', install_base='install', merge_install=False, symlink_install=False, test_result_base=None, continue_on_error=False, executor='parallel', parallel_workers=3, event_handlers=None, ignore_user_meta=False, metas=['./colcon.meta'], base_paths=['.'], packages_ignore=None, packages_ignore_regex=None, paths=None, packages_up_to=None, packages_up_to_regex=None, packages_above=None, packages_above_and_dependencies=None, packages_above_depth=None, packages_select_by_dep=None, packages_skip_by_dep=None, packages_skip_up_to=None, packages_select_build_failed=False, packages_skip_build_finished=False, packages_select_test_failures=False, packages_skip_test_passed=False, packages_select=None, packages_skip=None, packages_select_regex=None, packages_skip_regex=None, packages_start=None, packages_end=None, allow_overriding=[], cmake_args=None, cmake_target=None, cmake_target_skip_unavailable=False, cmake_clean_cache=False, cmake_clean_first=False, cmake_force_configure=False, ament_cmake_args=None, catkin_cmake_args=None, catkin_skip_building_tests=False, verb_parser=<colcon_defaults.argument_parser.defaults.DefaultArgumentsDecorator object at 0x7ef224d4c7f0>, verb_extension=<colcon_core.verb.build.BuildVerb object at 0x7ef224d4c2e0>, main=<bound method BuildVerb.main of <colcon_core.verb.build.BuildVerb object at 0x7ef224d4c2e0>>)
[1.478s] Level 1:colcon.colcon_core.package_discovery:discover_packages(colcon_meta) check parameters
[1.478s] Level 1:colcon.colcon_core.package_discovery:discover_packages(recursive) check parameters
[1.479s] Level 1:colcon.colcon_core.package_discovery:discover_packages(ignore) check parameters
[1.479s] Level 1:colcon.colcon_core.package_discovery:discover_packages(path) check parameters
[1.479s] Level 1:colcon.colcon_core.package_discovery:discover_packages(colcon_meta) discover
[1.479s] Level 1:colcon.colcon_core.package_discovery:discover_packages(recursive) discover
[1.479s] INFO:colcon.colcon_core.package_discovery:Crawling recursively for packages in '/home/anthony/Desktop/Assignment12'
[1.481s] Level 1:colcon.colcon_core.package_identification:_identify(.) by extensions ['ignore', 'ignore_ament_install']
[1.481s] Level 1:colcon.colcon_core.package_identification:_identify(.) by extension 'ignore'
[1.481s] Level 1:colcon.colcon_core.package_identification:_identify(.) by extension 'ignore_ament_install'
[1.482s] Level 1:colcon.colcon_core.package_identification:_identify(.) by extensions ['colcon_pkg']
[1.482s] Level 1:colcon.colcon_core.package_identification:_identify(.) by extension 'colcon_pkg'
[1.482s] Level 1:colcon.colcon_core.package_identification:_identify(.) by extensions ['colcon_meta']
[1.482s] Level 1:colcon.colcon_core.package_identification:_identify(.) by extension 'colcon_meta'
[1.482s] Level 1:colcon.colcon_core.package_identification:_identify(.) by extensions ['ros']
[1.482s] Level 1:colcon.colcon_core.package_identification:_identify(.) by extension 'ros'
[1.545s] Level 1:colcon.colcon_core.package_identification:_identify(.) by extensions ['cmake', 'python']
[1.545s] Level 1:colcon.colcon_core.package_identification:_identify(.) by extension 'cmake'
[1.545s] Level 1:colcon.colcon_core.package_identification:_identify(.) by extension 'python'
[1.545s] Level 1:colcon.colcon_core.package_identification:_identify(.) by extensions ['python_setup_py']
[1.545s] Level 1:colcon.colcon_core.package_identification:_identify(.) by extension 'python_setup_py'
[1.546s] Level 1:colcon.colcon_core.package_identification:_identify(build) by extensions ['ignore', 'ignore_ament_install']
[1.546s] Level 1:colcon.colcon_core.package_identification:_identify(build) by extension 'ignore'
[1.546s] Level 1:colcon.colcon_core.package_identification:_identify(build) ignored
[1.546s] Level 1:colcon.colcon_core.package_identification:_identify(install) by extensions ['ignore', 'ignore_ament_install']
[1.547s] Level 1:colcon.colcon_core.package_identification:_identify(install) by extension 'ignore'
[1.547s] Level 1:colcon.colcon_core.package_identification:_identify(install) ignored
[1.549s] Level 1:colcon.colcon_core.package_identification:_identify(log) by extensions ['ignore', 'ignore_ament_install']
[1.549s] Level 1:colcon.colcon_core.package_identification:_identify(log) by extension 'ignore'
[1.549s] Level 1:colcon.colcon_core.package_identification:_identify(log) ignored
[1.550s] Level 1:colcon.colcon_core.package_identification:_identify(src) by extensions ['ignore', 'ignore_ament_install']
[1.550s] Level 1:colcon.colcon_core.package_identification:_identify(src) by extension 'ignore'
[1.551s] Level 1:colcon.colcon_core.package_identification:_identify(src) by extension 'ignore_ament_install'
[1.551s] Level 1:colcon.colcon_core.package_identification:_identify(src) by extensions ['colcon_pkg']
[1.551s] Level 1:colcon.colcon_core.package_identification:_identify(src) by extension 'colcon_pkg'
[1.551s] Level 1:colcon.colcon_core.package_identification:_identify(src) by extensions ['colcon_meta']
[1.551s] Level 1:colcon.colcon_core.package_identification:_identify(src) by extension 'colcon_meta'
[1.551s] Level 1:colcon.colcon_core.package_identification:_identify(src) by extensions ['ros']
[1.551s] Level 1:colcon.colcon_core.package_identification:_identify(src) by extension 'ros'
[1.551s] Level 1:colcon.colcon_core.package_identification:_identify(src) by extensions ['cmake', 'python']
[1.552s] Level 1:colcon.colcon_core.package_identification:_identify(src) by extension 'cmake'
[1.552s] Level 1:colcon.colcon_core.package_identification:_identify(src) by extension 'python'
[1.552s] Level 1:colcon.colcon_core.package_identification:_identify(src) by extensions ['python_setup_py']
[1.552s] Level 1:colcon.colcon_core.package_identification:_identify(src) by extension 'python_setup_py'
[1.552s] Level 1:colcon.colcon_core.package_identification:_identify(src/yellow_sphere) by extensions ['ignore', 'ignore_ament_install']
[1.552s] Level 1:colcon.colcon_core.package_identification:_identify(src/yellow_sphere) by extension 'ignore'
[1.552s] Level 1:colcon.colcon_core.package_identification:_identify(src/yellow_sphere) by extension 'ignore_ament_install'
[1.552s] Level 1:colcon.colcon_core.package_identification:_identify(src/yellow_sphere) by extensions ['colcon_pkg']
[1.552s] Level 1:colcon.colcon_core.package_identification:_identify(src/yellow_sphere) by extension 'colcon_pkg'
[1.552s] Level 1:colcon.colcon_core.package_identification:_identify(src/yellow_sphere) by extensions ['colcon_meta']
[1.552s] Level 1:colcon.colcon_core.package_identification:_identify(src/yellow_sphere) by extension 'colcon_meta'
[1.553s] Level 1:colcon.colcon_core.package_identification:_identify(src/yellow_sphere) by extensions ['ros']
[1.553s] Level 1:colcon.colcon_core.package_identification:_identify(src/yellow_sphere) by extension 'ros'
[1.561s] DEBUG:colcon.colcon_core.package_identification:Package 'src/yellow_sphere' with type 'ros.ament_python' and name 'yellow_sphere'
[1.561s] Level 1:colcon.colcon_core.package_discovery:discover_packages(recursive) using defaults
[1.561s] Level 1:colcon.colcon_core.package_discovery:discover_packages(ignore) discover
[1.561s] Level 1:colcon.colcon_core.package_discovery:discover_packages(ignore) using defaults
[1.561s] Level 1:colcon.colcon_core.package_discovery:discover_packages(path) discover
[1.561s] Level 1:colcon.colcon_core.package_discovery:discover_packages(path) using defaults
[1.662s] Level 1:colcon.colcon_core.package_discovery:discover_packages(prefix_path) check parameters
[1.662s] Level 1:colcon.colcon_core.package_discovery:discover_packages(prefix_path) discover
[1.665s] DEBUG:colcon.colcon_installed_package_information.package_discovery:Found 1 installed packages in /home/anthony/Desktop/Assignment12/install
[1.675s] DEBUG:colcon.colcon_installed_package_information.package_discovery:Found 352 installed packages in /opt/ros/humble
[1.714s] Level 1:colcon.colcon_core.package_discovery:discover_packages(prefix_path) using defaults
[1.803s] Level 5:colcon.colcon_core.verb:set package 'yellow_sphere' build argument 'cmake_args' from command line to 'None'
[1.803s] Level 5:colcon.colcon_core.verb:set package 'yellow_sphere' build argument 'cmake_target' from command line to 'None'
[1.803s] Level 5:colcon.colcon_core.verb:set package 'yellow_sphere' build argument 'cmake_target_skip_unavailable' from command line to 'False'
[1.803s] Level 5:colcon.colcon_core.verb:set package 'yellow_sphere' build argument 'cmake_clean_cache' from command line to 'False'
[1.803s] Level 5:colcon.colcon_core.verb:set package 'yellow_sphere' build argument 'cmake_clean_first' from command line to 'False'
[1.803s] Level 5:colcon.colcon_core.verb:set package 'yellow_sphere' build argument 'cmake_force_configure' from command line to 'False'
[1.803s] Level 5:colcon.colcon_core.verb:set package 'yellow_sphere' build argument 'ament_cmake_args' from command line to 'None'
[1.803s] Level 5:colcon.colcon_core.verb:set package 'yellow_sphere' build argument 'catkin_cmake_args' from command line to 'None'
[1.803s] Level 5:colcon.colcon_core.verb:set package 'yellow_sphere' build argument 'catkin_skip_building_tests' from command line to 'False'
[1.803s] DEBUG:colcon.colcon_core.verb:Building package 'yellow_sphere' with the following arguments: {'ament_cmake_args': None, 'build_base': '/home/anthony/Desktop/Assignment12/build/yellow_sphere', 'catkin_cmake_args': None, 'catkin_skip_building_tests': False, 'cmake_args': None, 'cmake_clean_cache': False, 'cmake_clean_first': False, 'cmake_force_configure': False, 'cmake_target': None, 'cmake_target_skip_unavailable': False, 'install_base': '/home/anthony/Desktop/Assignment12/install/yellow_sphere', 'merge_install': False, 'path': '/home/anthony/Desktop/Assignment12/src/yellow_sphere', 'symlink_install': False, 'test_result_base': None}
[1.804s] INFO:colcon.colcon_core.executor:Executing jobs using 'parallel' executor
[1.818s] DEBUG:colcon.colcon_parallel_executor.executor.parallel:run_until_complete
[1.819s] INFO:colcon.colcon_ros.task.ament_python.build:Building ROS package in '/home/anthony/Desktop/Assignment12/src/yellow_sphere' with build type 'ament_python'
[1.819s] Level 1:colcon.colcon_core.shell:create_environment_hook('yellow_sphere', 'ament_prefix_path')
[1.824s] INFO:colcon.colcon_core.plugin_system:Skipping extension 'colcon_core.shell.bat': Not used on non-Windows systems
[1.825s] INFO:colcon.colcon_core.shell:Creating environment hook '/home/anthony/Desktop/Assignment12/install/yellow_sphere/share/yellow_sphere/hook/ament_prefix_path.ps1'
[1.827s] INFO:colcon.colcon_core.shell:Creating environment descriptor '/home/anthony/Desktop/Assignment12/install/yellow_sphere/share/yellow_sphere/hook/ament_prefix_path.dsv'
[1.828s] INFO:colcon.colcon_core.shell:Creating environment hook '/home/anthony/Desktop/Assignment12/install/yellow_sphere/share/yellow_sphere/hook/ament_prefix_path.sh'
[1.829s] INFO:colcon.colcon_core.shell:Skip shell extension 'powershell' for command environment: Not usable outside of PowerShell
[1.830s] DEBUG:colcon.colcon_core.shell:Skip shell extension 'dsv' for command environment
[2.794s] INFO:colcon.colcon_core.task.python.build:Building Python package in '/home/anthony/Desktop/Assignment12/src/yellow_sphere'
[2.795s] INFO:colcon.colcon_core.shell:Skip shell extension 'powershell' for command environment: Not usable outside of PowerShell
[2.796s] DEBUG:colcon.colcon_core.shell:Skip shell extension 'dsv' for command environment
[3.625s] DEBUG:colcon.colcon_core.event_handler.log_command:Invoking command in '/home/anthony/Desktop/Assignment12/src/yellow_sphere': PYTHONPATH=/home/anthony/Desktop/Assignment12/build/yellow_sphere/prefix_override:/usr/lib/python3/dist-packages/colcon_core/task/python/colcon_distutils_commands:/home/anthony/Desktop/Assignment12/install/yellow_sphere/lib/python3.10/site-packages:${PYTHONPATH} /usr/bin/python3 -W ignore:setup.py install is deprecated setup.py egg_info --egg-base ../../build/yellow_sphere build --build-base /home/anthony/Desktop/Assignment12/build/yellow_sphere/build install --record /home/anthony/Desktop/Assignment12/build/yellow_sphere/install.log --single-version-externally-managed install_data
[4.800s] DEBUG:colcon.colcon_core.event_handler.log_command:Invoked command in '/home/anthony/Desktop/Assignment12/src/yellow_sphere' returned '0': PYTHONPATH=/home/anthony/Desktop/Assignment12/build/yellow_sphere/prefix_override:/usr/lib/python3/dist-packages/colcon_core/task/python/colcon_distutils_commands:/home/anthony/Desktop/Assignment12/install/yellow_sphere/lib/python3.10/site-packages:${PYTHONPATH} /usr/bin/python3 -W ignore:setup.py install is deprecated setup.py egg_info --egg-base ../../build/yellow_sphere build --build-base /home/anthony/Desktop/Assignment12/build/yellow_sphere/build install --record /home/anthony/Desktop/Assignment12/build/yellow_sphere/install.log --single-version-externally-managed install_data
[4.817s] Level 1:colcon.colcon_core.environment:checking '/home/anthony/Desktop/Assignment12/install/yellow_sphere' for CMake module files
[4.819s] Level 1:colcon.colcon_core.environment:checking '/home/anthony/Desktop/Assignment12/install/yellow_sphere' for CMake config files
[4.821s] Level 1:colcon.colcon_core.environment:checking '/home/anthony/Desktop/Assignment12/install/yellow_sphere/lib'
[4.822s] Level 1:colcon.colcon_core.environment:checking '/home/anthony/Desktop/Assignment12/install/yellow_sphere/bin'
[4.824s] Level 1:colcon.colcon_core.environment:checking '/home/anthony/Desktop/Assignment12/install/yellow_sphere/lib/pkgconfig/yellow_sphere.pc'
[4.825s] Level 1:colcon.colcon_core.environment:checking '/home/anthony/Desktop/Assignment12/install/yellow_sphere/lib/python3.10/site-packages'
[4.825s] Level 1:colcon.colcon_core.shell:create_environment_hook('yellow_sphere', 'pythonpath')
[4.826s] INFO:colcon.colcon_core.shell:Creating environment hook '/home/anthony/Desktop/Assignment12/install/yellow_sphere/share/yellow_sphere/hook/pythonpath.ps1'
[4.828s] INFO:colcon.colcon_core.shell:Creating environment descriptor '/home/anthony/Desktop/Assignment12/install/yellow_sphere/share/yellow_sphere/hook/pythonpath.dsv'
[4.830s] INFO:colcon.colcon_core.shell:Creating environment hook '/home/anthony/Desktop/Assignment12/install/yellow_sphere/share/yellow_sphere/hook/pythonpath.sh'
[4.833s] Level 1:colcon.colcon_core.environment:checking '/home/anthony/Desktop/Assignment12/install/yellow_sphere/bin'
[4.834s] Level 1:colcon.colcon_core.environment:create_environment_scripts_only(yellow_sphere)
[4.835s] INFO:colcon.colcon_core.shell:Creating package script '/home/anthony/Desktop/Assignment12/install/yellow_sphere/share/yellow_sphere/package.ps1'
[4.838s] INFO:colcon.colcon_core.shell:Creating package descriptor '/home/anthony/Desktop/Assignment12/install/yellow_sphere/share/yellow_sphere/package.dsv'
[4.843s] INFO:colcon.colcon_core.shell:Creating package script '/home/anthony/Desktop/Assignment12/install/yellow_sphere/share/yellow_sphere/package.sh'
[4.848s] INFO:colcon.colcon_core.shell:Creating package script '/home/anthony/Desktop/Assignment12/install/yellow_sphere/share/yellow_sphere/package.bash'
[4.857s] INFO:colcon.colcon_core.shell:Creating package script '/home/anthony/Desktop/Assignment12/install/yellow_sphere/share/yellow_sphere/package.zsh'
[4.860s] Level 1:colcon.colcon_core.environment:create_file_with_runtime_dependencies(/home/anthony/Desktop/Assignment12/install/yellow_sphere/share/colcon-core/packages/yellow_sphere)
[4.863s] DEBUG:colcon.colcon_parallel_executor.executor.parallel:closing loop
[4.864s] DEBUG:colcon.colcon_parallel_executor.executor.parallel:loop closed
[4.864s] DEBUG:colcon.colcon_parallel_executor.executor.parallel:run_until_complete finished with '0'
[4.866s] DEBUG:colcon.colcon_core.event_reactor:joining thread
[4.893s] INFO:colcon.colcon_core.plugin_system:Skipping extension 'colcon_notification.desktop_notification.terminal_notifier': Not used on non-Darwin systems
[4.894s] INFO:colcon.colcon_core.plugin_system:Skipping extension 'colcon_notification.desktop_notification.win32': Not used on non-Windows systems
[4.894s] INFO:colcon.colcon_notification.desktop_notification:Sending desktop notification using 'notify2'
[4.938s] DEBUG:colcon.colcon_core.event_reactor:joined thread
[4.939s] INFO:colcon.colcon_core.shell:Creating prefix script '/home/anthony/Desktop/Assignment12/install/local_setup.ps1'
[4.943s] INFO:colcon.colcon_core.shell:Creating prefix util module '/home/anthony/Desktop/Assignment12/install/_local_setup_util_ps1.py'
[4.947s] INFO:colcon.colcon_core.shell:Creating prefix chain script '/home/anthony/Desktop/Assignment12/install/setup.ps1'
[4.949s] INFO:colcon.colcon_core.shell:Creating prefix script '/home/anthony/Desktop/Assignment12/install/local_setup.sh'
[4.951s] INFO:colcon.colcon_core.shell:Creating prefix util module '/home/anthony/Desktop/Assignment12/install/_local_setup_util_sh.py'
[4.956s] INFO:colcon.colcon_core.shell:Creating prefix chain script '/home/anthony/Desktop/Assignment12/install/setup.sh'
[4.958s] INFO:colcon.colcon_core.shell:Creating prefix script '/home/anthony/Desktop/Assignment12/install/local_setup.bash'
[4.959s] INFO:colcon.colcon_core.shell:Creating prefix chain script '/home/anthony/Desktop/Assignment12/install/setup.bash'
[4.962s] INFO:colcon.colcon_core.shell:Creating prefix script '/home/anthony/Desktop/Assignment12/install/local_setup.zsh'
[4.964s] INFO:colcon.colcon_core.shell:Creating prefix chain script '/home/anthony/Desktop/Assignment12/install/setup.zsh'
