[0.825s] DEBUG:colcon:Command line arguments: ['/usr/bin/colcon', 'list', '-p', '--base-paths', '/home/anthony/Desktop/Assignment12']
[0.825s] DEBUG:colcon:Parsed command line arguments: Namespace(log_base=None, log_level=None, verb_name='list', build_base='build', ignore_user_meta=False, metas=['./colcon.meta'], base_paths=['/home/anthony/Desktop/Assignment12'], packages_ignore=None, packages_ignore_regex=None, paths=None, packages_up_to=None, packages_up_to_regex=None, packages_above=None, packages_above_and_dependencies=None, packages_above_depth=None, packages_select_by_dep=None, packages_skip_by_dep=None, packages_skip_up_to=None, packages_select_build_failed=False, packages_skip_build_finished=False, packages_select_test_failures=False, packages_skip_test_passed=False, packages_select=None, packages_skip=None, packages_select_regex=None, packages_skip_regex=None, packages_start=None, packages_end=None, allow_overriding=[], topological_order=False, names_only=False, paths_only=True, topological_graph=False, topological_graph_dot=False, topological_graph_density=False, topological_graph_legend=False, topological_graph_dot_cluster=False, topological_graph_dot_include_skipped=False, verb_parser=<colcon_defaults.argument_parser.defaults.DefaultArgumentsDecorator object at 0x7641ee339270>, verb_extension=<colcon_package_information.verb.list.ListVerb object at 0x7641ee439ae0>, main=<bound method ListVerb.main of <colcon_package_information.verb.list.ListVerb object at 0x7641ee439ae0>>)
[2.224s] Level 1:colcon.colcon_core.package_discovery:discover_packages(colcon_meta) check parameters
[2.224s] Level 1:colcon.colcon_core.package_discovery:discover_packages(recursive) check parameters
[2.224s] Level 1:colcon.colcon_core.package_discovery:discover_packages(ignore) check parameters
[2.224s] Level 1:colcon.colcon_core.package_discovery:discover_packages(path) check parameters
[2.224s] Level 1:colcon.colcon_core.package_discovery:discover_packages(recursive) discover
[2.224s] INFO:colcon.colcon_core.package_discovery:Crawling recursively for packages in '/home/anthony/Desktop/Assignment12'
[2.224s] Level 1:colcon.colcon_core.package_identification:_identify(/home/anthony/Desktop/Assignment12) by extensions ['ignore', 'ignore_ament_install']
[2.225s] Level 1:colcon.colcon_core.package_identification:_identify(/home/anthony/Desktop/Assignment12) by extension 'ignore'
[2.225s] Level 1:colcon.colcon_core.package_identification:_identify(/home/anthony/Desktop/Assignment12) by extension 'ignore_ament_install'
[2.225s] Level 1:colcon.colcon_core.package_identification:_identify(/home/anthony/Desktop/Assignment12) by extensions ['colcon_pkg']
[2.225s] Level 1:colcon.colcon_core.package_identification:_identify(/home/anthony/Desktop/Assignment12) by extension 'colcon_pkg'
[2.225s] Level 1:colcon.colcon_core.package_identification:_identify(/home/anthony/Desktop/Assignment12) by extensions ['colcon_meta']
[2.225s] Level 1:colcon.colcon_core.package_identification:_identify(/home/anthony/Desktop/Assignment12) by extension 'colcon_meta'
[2.225s] Level 1:colcon.colcon_core.package_identification:_identify(/home/anthony/Desktop/Assignment12) by extensions ['ros']
[2.225s] Level 1:colcon.colcon_core.package_identification:_identify(/home/anthony/Desktop/Assignment12) by extension 'ros'
[2.268s] Level 1:colcon.colcon_core.package_identification:_identify(/home/anthony/Desktop/Assignment12) by extensions ['cmake', 'python']
[2.268s] Level 1:colcon.colcon_core.package_identification:_identify(/home/anthony/Desktop/Assignment12) by extension 'cmake'
[2.268s] Level 1:colcon.colcon_core.package_identification:_identify(/home/anthony/Desktop/Assignment12) by extension 'python'
[2.269s] Level 1:colcon.colcon_core.package_identification:_identify(/home/anthony/Desktop/Assignment12) by extensions ['python_setup_py']
[2.269s] Level 1:colcon.colcon_core.package_identification:_identify(/home/anthony/Desktop/Assignment12) by extension 'python_setup_py'
[2.269s] Level 1:colcon.colcon_core.package_identification:_identify(/home/anthony/Desktop/Assignment12/build) by extensions ['ignore', 'ignore_ament_install']
[2.269s] Level 1:colcon.colcon_core.package_identification:_identify(/home/anthony/Desktop/Assignment12/build) by extension 'ignore'
[2.269s] Level 1:colcon.colcon_core.package_identification:_identify(/home/anthony/Desktop/Assignment12/build) ignored
[2.270s] Level 1:colcon.colcon_core.package_identification:_identify(/home/anthony/Desktop/Assignment12/install) by extensions ['ignore', 'ignore_ament_install']
[2.270s] Level 1:colcon.colcon_core.package_identification:_identify(/home/anthony/Desktop/Assignment12/install) by extension 'ignore'
[2.270s] Level 1:colcon.colcon_core.package_identification:_identify(/home/anthony/Desktop/Assignment12/install) ignored
[2.270s] Level 1:colcon.colcon_core.package_identification:_identify(/home/anthony/Desktop/Assignment12/log) by extensions ['ignore', 'ignore_ament_install']
[2.270s] Level 1:colcon.colcon_core.package_identification:_identify(/home/anthony/Desktop/Assignment12/log) by extension 'ignore'
[2.270s] Level 1:colcon.colcon_core.package_identification:_identify(/home/anthony/Desktop/Assignment12/log) ignored
[2.270s] Level 1:colcon.colcon_core.package_identification:_identify(/home/anthony/Desktop/Assignment12/src) by extensions ['ignore', 'ignore_ament_install']
[2.271s] Level 1:colcon.colcon_core.package_identification:_identify(/home/anthony/Desktop/Assignment12/src) by extension 'ignore'
[2.271s] Level 1:colcon.colcon_core.package_identification:_identify(/home/anthony/Desktop/Assignment12/src) by extension 'ignore_ament_install'
[2.271s] Level 1:colcon.colcon_core.package_identification:_identify(/home/anthony/Desktop/Assignment12/src) by extensions ['colcon_pkg']
[2.271s] Level 1:colcon.colcon_core.package_identification:_identify(/home/anthony/Desktop/Assignment12/src) by extension 'colcon_pkg'
[2.271s] Level 1:colcon.colcon_core.package_identification:_identify(/home/anthony/Desktop/Assignment12/src) by extensions ['colcon_meta']
[2.271s] Level 1:colcon.colcon_core.package_identification:_identify(/home/anthony/Desktop/Assignment12/src) by extension 'colcon_meta'
[2.271s] Level 1:colcon.colcon_core.package_identification:_identify(/home/anthony/Desktop/Assignment12/src) by extensions ['ros']
[2.271s] Level 1:colcon.colcon_core.package_identification:_identify(/home/anthony/Desktop/Assignment12/src) by extension 'ros'
[2.271s] Level 1:colcon.colcon_core.package_identification:_identify(/home/anthony/Desktop/Assignment12/src) by extensions ['cmake', 'python']
[2.271s] Level 1:colcon.colcon_core.package_identification:_identify(/home/anthony/Desktop/Assignment12/src) by extension 'cmake'
[2.271s] Level 1:colcon.colcon_core.package_identification:_identify(/home/anthony/Desktop/Assignment12/src) by extension 'python'
[2.271s] Level 1:colcon.colcon_core.package_identification:_identify(/home/anthony/Desktop/Assignment12/src) by extensions ['python_setup_py']
[2.271s] Level 1:colcon.colcon_core.package_identification:_identify(/home/anthony/Desktop/Assignment12/src) by extension 'python_setup_py'
[2.272s] Level 1:colcon.colcon_core.package_identification:_identify(/home/anthony/Desktop/Assignment12/src/yellow_sphere) by extensions ['ignore', 'ignore_ament_install']
[2.272s] Level 1:colcon.colcon_core.package_identification:_identify(/home/anthony/Desktop/Assignment12/src/yellow_sphere) by extension 'ignore'
[2.272s] Level 1:colcon.colcon_core.package_identification:_identify(/home/anthony/Desktop/Assignment12/src/yellow_sphere) by extension 'ignore_ament_install'
[2.272s] Level 1:colcon.colcon_core.package_identification:_identify(/home/anthony/Desktop/Assignment12/src/yellow_sphere) by extensions ['colcon_pkg']
[2.272s] Level 1:colcon.colcon_core.package_identification:_identify(/home/anthony/Desktop/Assignment12/src/yellow_sphere) by extension 'colcon_pkg'
[2.272s] Level 1:colcon.colcon_core.package_identification:_identify(/home/anthony/Desktop/Assignment12/src/yellow_sphere) by extensions ['colcon_meta']
[2.272s] Level 1:colcon.colcon_core.package_identification:_identify(/home/anthony/Desktop/Assignment12/src/yellow_sphere) by extension 'colcon_meta'
[2.273s] Level 1:colcon.colcon_core.package_identification:_identify(/home/anthony/Desktop/Assignment12/src/yellow_sphere) by extensions ['ros']
[2.273s] Level 1:colcon.colcon_core.package_identification:_identify(/home/anthony/Desktop/Assignment12/src/yellow_sphere) by extension 'ros'
[2.279s] DEBUG:colcon.colcon_core.package_identification:Package '/home/anthony/Desktop/Assignment12/src/yellow_sphere' with type 'ros.ament_python' and name 'yellow_sphere'
[2.279s] Level 1:colcon.colcon_core.package_discovery:discover_packages(recursive) using defaults
