[1.117s] Invoking command in '/home/anthony/Desktop/Assignment12/src/yellow_sphere': PYTHONPATH=/home/anthony/Desktop/Assignment12/build/yellow_sphere/prefix_override:/usr/lib/python3/dist-packages/colcon_core/task/python/colcon_distutils_commands:/home/anthony/Desktop/Assignment12/install/yellow_sphere/lib/python3.10/site-packages:${PYTHONPATH} /usr/bin/python3 -W ignore:setup.py install is deprecated setup.py egg_info --egg-base ../../build/yellow_sphere build --build-base /home/anthony/Desktop/Assignment12/build/yellow_sphere/build install --record /home/anthony/Desktop/Assignment12/build/yellow_sphere/install.log --single-version-externally-managed install_data
[1.490s] running egg_info
[1.491s] writing ../../build/yellow_sphere/yellow_sphere.egg-info/PKG-INFO
[1.491s] writing dependency_links to ../../build/yellow_sphere/yellow_sphere.egg-info/dependency_links.txt
[1.491s] writing entry points to ../../build/yellow_sphere/yellow_sphere.egg-info/entry_points.txt
[1.492s] writing requirements to ../../build/yellow_sphere/yellow_sphere.egg-info/requires.txt
[1.492s] writing top-level names to ../../build/yellow_sphere/yellow_sphere.egg-info/top_level.txt
[1.495s] reading manifest file '../../build/yellow_sphere/yellow_sphere.egg-info/SOURCES.txt'
[1.505s] writing manifest file '../../build/yellow_sphere/yellow_sphere.egg-info/SOURCES.txt'
[1.505s] running build
[1.506s] running build_py
[1.506s] copying yellow_sphere/follow_sphere.py -> /home/anthony/Desktop/Assignment12/build/yellow_sphere/build/lib/yellow_sphere
[1.508s] running install
[1.508s] running install_lib
[1.511s] copying /home/anthony/Desktop/Assignment12/build/yellow_sphere/build/lib/yellow_sphere/follow_sphere.py -> /home/anthony/Desktop/Assignment12/install/yellow_sphere/lib/python3.10/site-packages/yellow_sphere
[1.513s] byte-compiling /home/anthony/Desktop/Assignment12/install/yellow_sphere/lib/python3.10/site-packages/yellow_sphere/follow_sphere.py to follow_sphere.cpython-310.pyc
[1.516s] running install_data
[1.517s] running install_egg_info
[1.529s] removing '/home/anthony/Desktop/Assignment12/install/yellow_sphere/lib/python3.10/site-packages/yellow_sphere-0.0.0-py3.10.egg-info' (and everything under it)
[1.530s] Copying ../../build/yellow_sphere/yellow_sphere.egg-info to /home/anthony/Desktop/Assignment12/install/yellow_sphere/lib/python3.10/site-packages/yellow_sphere-0.0.0-py3.10.egg-info
[1.530s] running install_scripts
[1.564s] Installing follow_sphere script to /home/anthony/Desktop/Assignment12/install/yellow_sphere/lib/yellow_sphere
[1.564s] writing list of installed files to '/home/anthony/Desktop/Assignment12/build/yellow_sphere/install.log'
[1.600s] Invoked command in '/home/anthony/Desktop/Assignment12/src/yellow_sphere' returned '0': PYTHONPATH=/home/anthony/Desktop/Assignment12/build/yellow_sphere/prefix_override:/usr/lib/python3/dist-packages/colcon_core/task/python/colcon_distutils_commands:/home/anthony/Desktop/Assignment12/install/yellow_sphere/lib/python3.10/site-packages:${PYTHONPATH} /usr/bin/python3 -W ignore:setup.py install is deprecated setup.py egg_info --egg-base ../../build/yellow_sphere build --build-base /home/anthony/Desktop/Assignment12/build/yellow_sphere/build install --record /home/anthony/Desktop/Assignment12/build/yellow_sphere/install.log --single-version-externally-managed install_data
