[2.573s] Invoking command in '/home/anthony/Desktop/Assignment12/src/yellow_sphere': PYTHONPATH=/home/anthony/Desktop/Assignment12/build/yellow_sphere/prefix_override:/usr/lib/python3/dist-packages/colcon_core/task/python/colcon_distutils_commands:/home/anthony/Desktop/Assignment12/install/yellow_sphere/lib/python3.10/site-packages:${PYTHONPATH} /usr/bin/python3 -W ignore:setup.py install is deprecated setup.py egg_info --egg-base ../../build/yellow_sphere build --build-base /home/anthony/Desktop/Assignment12/build/yellow_sphere/build install --record /home/anthony/Desktop/Assignment12/build/yellow_sphere/install.log --single-version-externally-managed install_data
[3.448s] running egg_info
[3.451s] writing ../../build/yellow_sphere/yellow_sphere.egg-info/PKG-INFO
[3.453s] writing dependency_links to ../../build/yellow_sphere/yellow_sphere.egg-info/dependency_links.txt
[3.453s] writing entry points to ../../build/yellow_sphere/yellow_sphere.egg-info/entry_points.txt
[3.454s] writing requirements to ../../build/yellow_sphere/yellow_sphere.egg-info/requires.txt
[3.454s] writing top-level names to ../../build/yellow_sphere/yellow_sphere.egg-info/top_level.txt
[3.455s] reading manifest file '../../build/yellow_sphere/yellow_sphere.egg-info/SOURCES.txt'
[3.460s] writing manifest file '../../build/yellow_sphere/yellow_sphere.egg-info/SOURCES.txt'
[3.461s] running build
[3.461s] running build_py
[3.461s] copying yellow_sphere/follow_sphere.py -> /home/anthony/Desktop/Assignment12/build/yellow_sphere/build/lib/yellow_sphere
[3.463s] running install
[3.464s] running install_lib
[3.467s] copying /home/anthony/Desktop/Assignment12/build/yellow_sphere/build/lib/yellow_sphere/follow_sphere.py -> /home/anthony/Desktop/Assignment12/install/yellow_sphere/lib/python3.10/site-packages/yellow_sphere
[3.469s] byte-compiling /home/anthony/Desktop/Assignment12/install/yellow_sphere/lib/python3.10/site-packages/yellow_sphere/follow_sphere.py to follow_sphere.cpython-310.pyc
[3.470s]   File "/home/anthony/Desktop/Assignment12/install/yellow_sphere/lib/python3.10/site-packages/yellow_sphere/follow_sphere.py", line 74
[3.470s]     self.get_logger().info("Turning 
[3.471s]                            ^
[3.471s] SyntaxError: unterminated string literal (detected at line 74)
[3.471s] 
[3.471s] running install_data
[3.471s] running install_egg_info
[3.475s] removing '/home/anthony/Desktop/Assignment12/install/yellow_sphere/lib/python3.10/site-packages/yellow_sphere-0.0.0-py3.10.egg-info' (and everything under it)
[3.476s] Copying ../../build/yellow_sphere/yellow_sphere.egg-info to /home/anthony/Desktop/Assignment12/install/yellow_sphere/lib/python3.10/site-packages/yellow_sphere-0.0.0-py3.10.egg-info
[3.480s] running install_scripts
[3.550s] Installing follow_sphere script to /home/anthony/Desktop/Assignment12/install/yellow_sphere/lib/yellow_sphere
[3.553s] writing list of installed files to '/home/anthony/Desktop/Assignment12/build/yellow_sphere/install.log'
[3.602s] Invoked command in '/home/anthony/Desktop/Assignment12/src/yellow_sphere' returned '0': PYTHONPATH=/home/anthony/Desktop/Assignment12/build/yellow_sphere/prefix_override:/usr/lib/python3/dist-packages/colcon_core/task/python/colcon_distutils_commands:/home/anthony/Desktop/Assignment12/install/yellow_sphere/lib/python3.10/site-packages:${PYTHONPATH} /usr/bin/python3 -W ignore:setup.py install is deprecated setup.py egg_info --egg-base ../../build/yellow_sphere build --build-base /home/anthony/Desktop/Assignment12/build/yellow_sphere/build install --record /home/anthony/Desktop/Assignment12/build/yellow_sphere/install.log --single-version-externally-managed install_data
